nohup: ignoring input
[0mGET / [32m200 [0m8.808 ms - 8084[0m
In getquestion
In highscore
[0mGET /highscore [36m304 [0m2.726 ms - -[0m
[0mGET /getquestion [32m200 [0m134.903 ms - 479[0m
[0mGET / [36m304 [0m0.755 ms - -[0m
In getquestion
[0mGET /getquestion [32m200 [0m77.120 ms - 521[0m
In highscore
[0mGET /highscore [36m304 [0m0.593 ms - -[0m
In getquestion
0
[0mPOST /getanswer?s=0 [32m200 [0m1.911 ms - -[0m
In highscore
[0mGET /highscore [36m304 [0m0.361 ms - -[0m
[0mGET /getquestion [32m200 [0m76.174 ms - 442[0m
In getquestion
100
[0mPOST /getanswer?s=100 [32m200 [0m0.155 ms - -[0m
In highscore
[0mGET /highscore [36m304 [0m0.459 ms - -[0m
[0mGET /getquestion [32m200 [0m73.642 ms - 536[0m
[0mGET / [32m200 [0m1.370 ms - 8084[0m
In getquestion
In highscore
[0mGET /highscore [32m200 [0m0.953 ms - 3[0m
[0mGET /favicon.ico [33m404 [0m9.645 ms - 1126[0m
[0mGET /getquestion [32m200 [0m125.112 ms - 450[0m
In getquestion
200
[0mPOST /getanswer?s=200 [32m200 [0m0.312 ms - -[0m
In highscore
[0mGET /highscore [32m200 [0m1.403 ms - 3[0m
[0mGET /getquestion [32m200 [0m74.290 ms - 469[0m
In getquestion
0
[0mPOST /getanswer?s=0 [32m200 [0m0.257 ms - -[0m
In highscore
[0mGET /highscore [32m200 [0m0.834 ms - 3[0m
[0mGET /getquestion [32m200 [0m96.376 ms - 460[0m
In getquestion
0
[0mPOST /getanswer?s=0 [32m200 [0m0.445 ms - -[0m
In highscore
[0mGET /highscore [36m304 [0m0.679 ms - -[0m
[0mGET /getquestion [32m200 [0m175.492 ms - 453[0m
[0mGET / [32m200 [0m0.899 ms - 8084[0m
In getquestion
In highscore
[0mGET /highscore [32m200 [0m0.505 ms - 3[0m
[0mGET /favicon.ico [33m404 [0m1.977 ms - 1126[0m
[0mGET /getquestion [32m200 [0m158.672 ms - 506[0m
In getquestion
0
[0mPOST /getanswer?s=0 [32m200 [0m0.153 ms - -[0m
In highscore
[0mGET /highscore [36m304 [0m2.334 ms - -[0m
[0mGET /getquestion [32m200 [0m85.273 ms - 467[0m
In getquestion
0
[0mPOST /getanswer?s=0 [32m200 [0m0.122 ms - -[0m
In highscore
[0mGET /highscore [36m304 [0m0.455 ms - -[0m
[0mGET /getquestion [32m200 [0m72.846 ms - 489[0m
In getquestion
0
[0mPOST /getanswer?s=0 [32m200 [0m0.915 ms - -[0m
In highscore
[0mGET /highscore [36m304 [0m0.791 ms - -[0m
[0mGET /getquestion [32m200 [0m78.587 ms - 405[0m
In getquestion
0
[0mPOST /getanswer?s=0 [32m200 [0m0.140 ms - -[0m
In highscore
[0mGET /highscore [36m304 [0m0.448 ms - -[0m
[0mGET /getquestion [32m200 [0m72.754 ms - 663[0m
In getquestion
0
[0mPOST /getanswer?s=0 [32m200 [0m0.123 ms - -[0m
In highscore
[0mGET /highscore [36m304 [0m0.964 ms - -[0m
[0mGET /getquestion [32m200 [0m63.487 ms - 389[0m
In getquestion
0
[0mPOST /getanswer?s=0 [32m200 [0m0.140 ms - -[0m
In highscore
[0mGET /highscore [36m304 [0m0.856 ms - -[0m
[0mGET /getquestion [32m200 [0m183.977 ms - 450[0m
In getquestion
100
[0mPOST /getanswer?s=100 [32m200 [0m1.611 ms - -[0m
In highscore
[0mGET /highscore [36m304 [0m0.465 ms - -[0m
[0mGET /getquestion [32m200 [0m107.688 ms - 469[0m
In getquestion
200
[0mPOST /getanswer?s=200 [32m200 [0m0.128 ms - -[0m
In highscore
[0mGET /highscore [36m304 [0m0.473 ms - -[0m
[0mGET /getquestion [32m200 [0m197.939 ms - 484[0m
In getquestion
300
[0mPOST /getanswer?s=300 [32m200 [0m0.146 ms - -[0m
In highscore
[0mGET /highscore [32m200 [0m0.462 ms - 3[0m
[0mGET /getquestion [32m200 [0m153.168 ms - 478[0m
In getquestion
400
[0mPOST /getanswer?s=400 [32m200 [0m0.157 ms - -[0m
In highscore
[0mGET /highscore [32m200 [0m0.445 ms - 3[0m
[0mGET /getquestion [32m200 [0m85.955 ms - 510[0m
In getquestion
500
[0mPOST /getanswer?s=500 [32m200 [0m0.218 ms - -[0m
In highscore
[0mGET /highscore [32m200 [0m0.454 ms - 3[0m
[0mGET /getquestion [32m200 [0m189.873 ms - 466[0m
In getquestion
600
[0mPOST /getanswer?s=600 [32m200 [0m0.120 ms - -[0m
In highscore
[0mGET /highscore [32m200 [0m0.442 ms - 3[0m
[0mGET /getquestion [32m200 [0m66.075 ms - 460[0m
In getquestion
700
[0mPOST /getanswer?s=700 [32m200 [0m1.292 ms - -[0m
In highscore
[0mGET /highscore [32m200 [0m0.530 ms - 3[0m
[0mGET /getquestion [32m200 [0m62.786 ms - 477[0m
In getquestion
800
[0mPOST /getanswer?s=800 [32m200 [0m0.131 ms - -[0m
In highscore
[0mGET /highscore [32m200 [0m0.460 ms - 3[0m
[0mGET /getquestion [32m200 [0m69.952 ms - 456[0m
In getquestion
900
[0mPOST /getanswer?s=900 [32m200 [0m0.119 ms - -[0m
In highscore
[0mGET /highscore [32m200 [0m0.655 ms - 3[0m
[0mGET /getquestion [32m200 [0m109.108 ms - 440[0m
[0mGET / [36m304 [0m0.395 ms - -[0m
In getquestion
In highscore
[0mGET /highscore [36m304 [0m0.438 ms - -[0m
[0mGET /getquestion [32m200 [0m152.362 ms - 470[0m
In getquestion
1000
[0mPOST /getanswer?s=1000 [32m200 [0m0.525 ms - -[0m
In highscore
[0mGET /highscore [36m304 [0m0.304 ms - -[0m
[0mGET /getquestion [32m200 [0m85.749 ms - 480[0m
